<?xml version='1.0' encoding='UTF-8'?>
<testsuite hostname="Williams-MBP" name="controllers.ApplicationControllerSpec" tests="11" errors="0" failures="1" skipped="0" time="0.559" timestamp="2024-01-31T11:17:41">
          <properties>
      <property name="awt.toolkit" value="sun.lwawt.macosx.LWCToolkit"/><property name="java.specification.version" value="11"/><property name="sun.cpu.isalist" value=""/><property name="sun.jnu.encoding" value="UTF-8"/><property name="sun.arch.data.model" value="64"/><property name="sbt.supershell" value="false"/><property name="java.vendor.url" value="https://openjdk.java.net/"/><property name="sun.boot.library.path" value="/Library/Java/JavaVirtualMachines/jdk-11.jdk/Contents/Home/lib"/><property name="sun.java.command" value="/Users/william.stanistreet/Library/Application Support/JetBrains/IdeaIC2023.2/plugins/Scala/launcher/sbt-launch.jar early(addPluginSbtFile=&quot;&quot;&quot;/private/var/folders/rr/mh_2h1z53rz55fm0zv8gp4n00000gn/T/idea2.sbt&quot;&quot;&quot;) ; set ideaPort in Global := 51996 ; idea-shell"/><property name="jdk.debug" value="release"/><property name="java.specification.vendor" value="Oracle Corporation"/><property name="java.version.date" value="2023-07-18"/><property name="java.home" value="/Library/Java/JavaVirtualMachines/jdk-11.jdk/Contents/Home"/><property name="file.separator" value="/"/><property name="java.vm.compressedOopsMode" value="Zero based"/><property name="line.separator" value="
"/><property name="java.specification.name" value="Java Platform API Specification"/><property name="java.vm.specification.vendor" value="Oracle Corporation"/><property name="idea.installation.dir" value="/Applications/IntelliJ IDEA CE.app/Contents"/><property name="sun.management.compiler" value="HotSpot 64-Bit Tiered Compilers"/><property name="java.runtime.version" value="11.0.20+9-LTS-256"/><property name="user.name" value="william.stanistreet"/><property name="log4j.ignoreTCL" value="true"/><property name="file.encoding" value="UTF-8"/><property name="java.vendor.version" value="18.9"/><property name="java.io.tmpdir" value="/var/folders/rr/mh_2h1z53rz55fm0zv8gp4n00000gn/T/"/><property name="java.version" value="11.0.20"/><property name="java.vm.specification.name" value="Java Virtual Machine Specification"/><property name="java.awt.printerjob" value="sun.lwawt.macosx.CPrinterJob"/><property name="sun.os.patch.level" value="unknown"/><property name="java.library.path" value="/Users/william.stanistreet/Library/Java/Extensions:/Library/Java/Extensions:/Network/Library/Java/Extensions:/System/Library/Java/Extensions:/usr/lib/java:."/><property name="java.vendor" value="Oracle Corporation"/><property name="java.specification.maintenance.version" value="2"/><property name="sun.io.unicode.encoding" value="UnicodeBig"/><property name="socksNonProxyHosts" value="local|*.local|169.254/16|*.169.254/16"/><property name="gopherProxySet" value="false"/><property name="java.class.path" value="/Users/william.stanistreet/Library/Application Support/JetBrains/IdeaIC2023.2/plugins/Scala/launcher/sbt-launch.jar"/><property name="java.vm.vendor" value="Oracle Corporation"/><property name="jline.shutdownhook" value="false"/><property name="user.timezone" value="Europe/London"/><property name="os.name" value="Mac OS X"/><property name="java.vm.specification.version" value="11"/><property name="sun.java.launcher" value="SUN_STANDARD"/><property name="user.country" value="GB"/><property name="http.nonProxyHosts" value="local|*.local|169.254/16|*.169.254/16"/><property name="sun.cpu.endian" value="little"/><property name="user.home" value="/Users/william.stanistreet"/><property name="user.language" value="en"/><property name="swoval.tmpdir" value="/Users/william.stanistreet/.sbt/1.0"/><property name="java.awt.graphicsenv" value="sun.awt.CGraphicsEnvironment"/><property name="jline.esc.timeout" value="0"/><property name="ftp.nonProxyHosts" value="local|*.local|169.254/16|*.169.254/16"/><property name="path.separator" value=":"/><property name="os.version" value="14.2.1"/><property name="jna.nosys" value="true"/><property name="java.runtime.name" value="Java(TM) SE Runtime Environment"/><property name="sun.nio.ch.bugLevel" value=""/><property name="java.vm.name" value="Java HotSpot(TM) 64-Bit Server VM"/><property name="java.vendor.url.bug" value="https://bugreport.java.com/bugreport/"/><property name="user.dir" value="/Users/william.stanistreet/Documents/Scala/play/play-template"/><property name="os.arch" value="aarch64"/><property name="idea.managed" value="true"/><property name="java.vm.info" value="mixed mode"/><property name="java.vm.version" value="11.0.20+9-LTS-256"/><property name="java.class.version" value="55.0"/>
    </properties>
          <testcase classname="controllers.ApplicationControllerSpec" name="ApplicationController .index should return TODO" time="0.007">
                      
                    </testcase><testcase classname="controllers.ApplicationControllerSpec" name="ApplicationController .create should create a book in the database" time="0.018">
                      
                    </testcase><testcase classname="controllers.ApplicationControllerSpec" name="ApplicationController .create should return a bad request if an incorrect validated model is an argument" time="0.005">
                      
                    </testcase><testcase classname="controllers.ApplicationControllerSpec" name="ApplicationController .read should find a book in the database by id" time="0.005">
                      
                    </testcase><testcase classname="controllers.ApplicationControllerSpec" name="ApplicationController .read should return no content if a book is not in database" time="0.001">
                      
                    </testcase><testcase classname="controllers.ApplicationControllerSpec" name="ApplicationController .update() should edit an existing book in the database" time="0.007">
                      
                    </testcase><testcase classname="controllers.ApplicationControllerSpec" name="ApplicationController .update() should return a bad request if an incorrect validated model is an argument" time="0.004">
                      
                    </testcase><testcase classname="controllers.ApplicationControllerSpec" name="ApplicationController .update() should upsert an entry if ID not found" time="0.005">
                      
                    </testcase><testcase classname="controllers.ApplicationControllerSpec" name="ApplicationController .delete() should remove an entry in the database" time="0.005">
                      
                    </testcase><testcase classname="controllers.ApplicationControllerSpec" name="ApplicationController .delete() should return no content if there is no book with an ID" time="0.002">
                      
                    </testcase><testcase classname="controllers.ApplicationControllerSpec" name="ApplicationController .getGoogleBook should test" time="0.5">
                      <failure message="JsResultException(errors:List((/etag,List(JsonValidationError(List(error.path.missing),ArraySeq()))), (/selfLink,List(JsonValidationError(List(error.path.missing),ArraySeq()))), (/id,List(JsonValidationError(List(error.path.missing),ArraySeq())))))" type="play.api.libs.json.JsResultException">play.api.libs.json.JsResultException: JsResultException(errors:List((/etag,List(JsonValidationError(List(error.path.missing),ArraySeq()))), (/selfLink,List(JsonValidationError(List(error.path.missing),ArraySeq()))), (/id,List(JsonValidationError(List(error.path.missing),ArraySeq())))))
	at play.api.libs.json.JsReadable.$anonfun$as$2(JsReadable.scala:25)
	at play.api.libs.json.JsError.fold(JsResult.scala:66)
	at play.api.libs.json.JsReadable.as(JsReadable.scala:24)
	at play.api.libs.json.JsReadable.as$(JsReadable.scala:23)
	at play.api.libs.json.JsObject.as(JsValue.scala:126)
	at connectors.LibraryConnector.$anonfun$get$1(LibraryConnector.scala:15)
	at scala.concurrent.impl.Promise$Transformation.run(Promise.scala:467)
	at akka.dispatch.BatchingExecutor$AbstractBatch.processBatch(BatchingExecutor.scala:63)
	at akka.dispatch.BatchingExecutor$BlockableBatch.$anonfun$run$1(BatchingExecutor.scala:100)
	at scala.runtime.java8.JFunction0$mcV$sp.apply(JFunction0$mcV$sp.scala:18)
	at scala.concurrent.BlockContext$.withBlockContext(BlockContext.scala:94)
	at akka.dispatch.BatchingExecutor$BlockableBatch.run(BatchingExecutor.scala:100)
	at akka.dispatch.TaskInvocation.run(AbstractDispatcher.scala:49)
	at akka.dispatch.ForkJoinExecutorConfigurator$AkkaForkJoinTask.exec(ForkJoinExecutorConfigurator.scala:48)
	at java.base/java.util.concurrent.ForkJoinTask.doExec(ForkJoinTask.java:290)
	at java.base/java.util.concurrent.ForkJoinPool$WorkQueue.topLevelExec(ForkJoinPool.java:1020)
	at java.base/java.util.concurrent.ForkJoinPool.scan(ForkJoinPool.java:1656)
	at java.base/java.util.concurrent.ForkJoinPool.runWorker(ForkJoinPool.java:1594)
	at java.base/java.util.concurrent.ForkJoinWorkerThread.run(ForkJoinWorkerThread.java:183)
</failure>
                    </testcase>
          <system-out><![CDATA[]]></system-out>
          <system-err><![CDATA[]]></system-err>
        </testsuite>